{"text": "2021-03-08 18:23:26.709 | INFO     | srso_signer.application:main:36 - Start application v0.1.8 (build date: 2021-02-15T08:33:12.681049)\n", "record": {"elapsed": {"repr": "0:00:00.185568", "seconds": 0.185568}, "exception": null, "extra": {"version": "0.1.8", "build_date": "2021-02-15T08:33:12.681049"}, "file": {"name": "application.py", "path": "srso_signer/application.py"}, "function": "main", "level": {"icon": "\u2139\ufe0f", "name": "INFO", "no": 20}, "line": 36, "message": "Start application v0.1.8 (build date: 2021-02-15T08:33:12.681049)", "module": "application", "name": "srso_signer.application", "process": {"id": 321439, "name": "MainProcess"}, "thread": {"id": 140286183806784, "name": "MainThread"}, "time": {"repr": "2021-03-08 18:23:26.709046+02:00", "timestamp": 1615220606.709046}}}
{"text": "2021-03-08 18:23:27.687 | INFO     | srso_signer.console.commands.start:handle:72 - config:\n login: u87\n api_url: https://dev-api.checkbox.in.ua\n key: /var/www/petr.tps.my/sites/all/modules/TooPro/tps_pay_method/prro/Key-6-test.dat\n jks_index: 0\n ssl_verify: True\n infinity: True\n websocket: False\n", "record": {"elapsed": {"repr": "0:00:01.163783", "seconds": 1.163783}, "exception": null, "extra": {}, "file": {"name": "start.py", "path": "srso_signer/console/commands/start.py"}, "function": "handle", "level": {"icon": "\u2139\ufe0f", "name": "INFO", "no": 20}, "line": 72, "message": "config:\n login: u87\n api_url: https://dev-api.checkbox.in.ua\n key: /var/www/petr.tps.my/sites/all/modules/TooPro/tps_pay_method/prro/Key-6-test.dat\n jks_index: 0\n ssl_verify: True\n infinity: True\n websocket: False", "module": "start", "name": "srso_signer.console.commands.start", "process": {"id": 321439, "name": "MainProcess"}, "thread": {"id": 140286183806784, "name": "MainThread"}, "time": {"repr": "2021-03-08 18:23:27.687261+02:00", "timestamp": 1615220607.687261}}}
{"text": "2021-03-08 18:23:27.687 | INFO     | srso_signer.console.commands.start:execute:105 - Load key...\n", "record": {"elapsed": {"repr": "0:00:01.164098", "seconds": 1.164098}, "exception": null, "extra": {}, "file": {"name": "start.py", "path": "srso_signer/console/commands/start.py"}, "function": "execute", "level": {"icon": "\u2139\ufe0f", "name": "INFO", "no": 20}, "line": 105, "message": "Load key...", "module": "start", "name": "srso_signer.console.commands.start", "process": {"id": 321439, "name": "MainProcess"}, "thread": {"id": 140286183806784, "name": "MainThread"}, "time": {"repr": "2021-03-08 18:23:27.687576+02:00", "timestamp": 1615220607.687576}}}
{"text": "2021-03-08 18:23:28.359 | ERROR    | srso_signer.console.commands.start:_handle_error:204 - Failed to process request - EUSignCPException: \u0421\u0435\u0440\u0442\u0438\u0444\u0456\u043a\u0430\u0442 \u043d\u0435 \u0437\u043d\u0430\u0439\u0434\u0435\u043d\u043e (51)\n", "record": {"elapsed": {"repr": "0:00:01.836301", "seconds": 1.836301}, "exception": null, "extra": {"name": "EUSignCPException", "e": "\u0421\u0435\u0440\u0442\u0438\u0444\u0456\u043a\u0430\u0442 \u043d\u0435 \u0437\u043d\u0430\u0439\u0434\u0435\u043d\u043e (51)"}, "file": {"name": "start.py", "path": "srso_signer/console/commands/start.py"}, "function": "_handle_error", "level": {"icon": "\u274c", "name": "ERROR", "no": 40}, "line": 204, "message": "Failed to process request - EUSignCPException: \u0421\u0435\u0440\u0442\u0438\u0444\u0456\u043a\u0430\u0442 \u043d\u0435 \u0437\u043d\u0430\u0439\u0434\u0435\u043d\u043e (51)", "module": "start", "name": "srso_signer.console.commands.start", "process": {"id": 321439, "name": "MainProcess"}, "thread": {"id": 140286183806784, "name": "MainThread"}, "time": {"repr": "2021-03-08 18:23:28.359779+02:00", "timestamp": 1615220608.359779}}}
{"text": "2021-03-08 18:23:28.360 | ERROR    | srso_signer.console.commands.start:execute:115 - An error has been caught in function 'execute', process 'MainProcess' (321439), thread 'MainThread' (140286183806784):\nTraceback (most recent call last):\n\n  File \"srso_signer/vendor/EUSignCP/extension/simple.py\", line 759, in read_private_key_file\n\n  File \"src/srso_signer/vendor/EUSignCP/lib/linux_x86_64/EUSignCP.py\", line 2653, in ReadPrivateKeyFile\n\nRuntimeError: {'ErrorCode': 51, 'ErrorDesc': b'\\xd0\\xa1\\xd0\\xb5\\xd1\\x80\\xd1\\x82\\xd0\\xb8\\xd1\\x84\\xd1\\x96\\xd0\\xba\\xd0\\xb0\\xd1\\x82 \\xd0\\xbd\\xd0\\xb5 \\xd0\\xb7\\xd0\\xbd\\xd0\\xb0\\xd0\\xb9\\xd0\\xb4\\xd0\\xb5\\xd0\\xbd\\xd0\\xbe'}\n\n\nDuring handling of the above exception, another exception occurred:\n\n\nTraceback (most recent call last):\n\n  File \"srso_signer/main.py\", line 4, in <module>\n\n  File \"srso_signer/application.py\", line 43, in main\n\n  File \"clikit/console_application.py\", line 131, in run\n\n  File \"clikit/api/command/command.py\", line 120, in handle\n\n  File \"clikit/api/command/command.py\", line 171, in _do_handle\n\n  File \"cleo/commands/command.py\", line 92, in wrap_handle\n\n  File \"srso_signer/console/commands/start.py\", line 82, in handle\n\n> File \"srso_signer/console/commands/start.py\", line 115, in execute\n\n  File \"srso_signer/console/commands/start.py\", line 206, in _handle_error\n\n  File \"srso_signer/console/commands/start.py\", line 107, in execute\n\n  File \"srso_signer/signer/signer.py\", line 47, in load_key\n\n  File \"srso_signer/vendor/EUSignCP/extension/simple.py\", line 765, in read_private_key_file\n\nsrso_signer.vendor.EUSignCP.extension.exceptions.EUSignCPException: \u0421\u0435\u0440\u0442\u0438\u0444\u0456\u043a\u0430\u0442 \u043d\u0435 \u0437\u043d\u0430\u0439\u0434\u0435\u043d\u043e (51)\n", "record": {"elapsed": {"repr": "0:00:01.836644", "seconds": 1.836644}, "exception": {"type": "EUSignCPException", "value": "\u0421\u0435\u0440\u0442\u0438\u0444\u0456\u043a\u0430\u0442 \u043d\u0435 \u0437\u043d\u0430\u0439\u0434\u0435\u043d\u043e (51)", "traceback": true}, "extra": {}, "file": {"name": "start.py", "path": "srso_signer/console/commands/start.py"}, "function": "execute", "level": {"icon": "\u274c", "name": "ERROR", "no": 40}, "line": 115, "message": "An error has been caught in function 'execute', process 'MainProcess' (321439), thread 'MainThread' (140286183806784):", "module": "start", "name": "srso_signer.console.commands.start", "process": {"id": 321439, "name": "MainProcess"}, "thread": {"id": 140286183806784, "name": "MainThread"}, "time": {"repr": "2021-03-08 18:23:28.360122+02:00", "timestamp": 1615220608.360122}}}
